0 info it worked if it ends with ok
1 verbose cli [ '/usr/bin/node', '/usr/bin/npm', 'install', 'gitbook', '-g' ]
2 info using npm@1.4.28
3 info using node@v0.10.37
4 verbose node symlink /usr/bin/node
5 verbose cache add [ 'gitbook', null ]
6 verbose cache add name=undefined spec="gitbook" args=["gitbook",null]
7 verbose parsed url { protocol: null,
7 verbose parsed url   slashes: null,
7 verbose parsed url   auth: null,
7 verbose parsed url   host: null,
7 verbose parsed url   port: null,
7 verbose parsed url   hostname: null,
7 verbose parsed url   hash: null,
7 verbose parsed url   search: null,
7 verbose parsed url   query: null,
7 verbose parsed url   pathname: 'gitbook',
7 verbose parsed url   path: 'gitbook',
7 verbose parsed url   href: 'gitbook' }
8 silly lockFile d91c8311-gitbook gitbook
9 verbose lock gitbook /home/vagrant/.npm/d91c8311-gitbook.lock
10 silly lockFile d91c8311-gitbook gitbook
11 silly lockFile d91c8311-gitbook gitbook
12 verbose addNamed [ 'gitbook', '' ]
13 verbose addNamed [ null, '*' ]
14 silly lockFile 1bb457e3-gitbook gitbook@
15 verbose lock gitbook@ /home/vagrant/.npm/1bb457e3-gitbook.lock
16 silly addNameRange { name: 'gitbook', range: '*', hasData: false }
17 verbose request where is /gitbook
18 verbose request registry https://registry.npmjs.org/
19 verbose request id 6880b6625dc3c2c7
20 verbose url raw /gitbook
21 verbose url resolving [ 'https://registry.npmjs.org/', './gitbook' ]
22 verbose url resolved https://registry.npmjs.org/gitbook
23 verbose request where is https://registry.npmjs.org/gitbook
24 info trying registry request attempt 1 at 17:43:45
25 verbose etag "7L4DFWUX8LQ3DL7U70A2COUZG"
26 http GET https://registry.npmjs.org/gitbook
27 http 304 https://registry.npmjs.org/gitbook
28 silly registry.get cb [ 304,
28 silly registry.get   { date: 'Thu, 18 Jun 2015 17:43:50 GMT',
28 silly registry.get     via: '1.1 varnish',
28 silly registry.get     'cache-control': 'max-age=60',
28 silly registry.get     etag: '"7L4DFWUX8LQ3DL7U70A2COUZG"',
28 silly registry.get     age: '0',
28 silly registry.get     connection: 'keep-alive',
28 silly registry.get     'x-served-by': 'cache-fra1220-FRA',
28 silly registry.get     'x-cache': 'MISS',
28 silly registry.get     'x-cache-hits': '0',
28 silly registry.get     'x-timer': 'S1434649430.715927,VS0,VE697',
28 silly registry.get     vary: 'Accept' } ]
29 verbose etag https://registry.npmjs.org/gitbook from cache
30 silly addNameRange number 2 { name: 'gitbook', range: '*', hasData: true }
31 silly addNameRange versions [ 'gitbook',
31 silly addNameRange   [ '0.0.1',
31 silly addNameRange     '0.0.2',
31 silly addNameRange     '0.0.3',
31 silly addNameRange     '0.0.4',
31 silly addNameRange     '0.1.0',
31 silly addNameRange     '0.1.1',
31 silly addNameRange     '0.1.2',
31 silly addNameRange     '0.1.3',
31 silly addNameRange     '0.2.0',
31 silly addNameRange     '0.2.1',
31 silly addNameRange     '0.2.2',
31 silly addNameRange     '0.2.3',
31 silly addNameRange     '0.2.4',
31 silly addNameRange     '0.3.0',
31 silly addNameRange     '0.3.1',
31 silly addNameRange     '0.3.2',
31 silly addNameRange     '0.4.0',
31 silly addNameRange     '0.4.1',
31 silly addNameRange     '0.4.2',
31 silly addNameRange     '0.4.3',
31 silly addNameRange     '0.4.4',
31 silly addNameRange     '0.4.5',
31 silly addNameRange     '0.4.6',
31 silly addNameRange     '0.4.7',
31 silly addNameRange     '0.4.8',
31 silly addNameRange     '0.5.0',
31 silly addNameRange     '0.5.1',
31 silly addNameRange     '0.5.2',
31 silly addNameRange     '0.5.3',
31 silly addNameRange     '0.5.4',
31 silly addNameRange     '0.5.5',
31 silly addNameRange     '0.5.6',
31 silly addNameRange     '0.6.0',
31 silly addNameRange     '0.6.1',
31 silly addNameRange     '0.6.2',
31 silly addNameRange     '0.6.3',
31 silly addNameRange     '0.7.0',
31 silly addNameRange     '0.7.1',
31 silly addNameRange     '1.0.0',
31 silly addNameRange     '1.0.1',
31 silly addNameRange     '1.0.2',
31 silly addNameRange     '1.0.3',
31 silly addNameRange     '1.1.0',
31 silly addNameRange     '1.1.1',
31 silly addNameRange     '1.2.0',
31 silly addNameRange     '1.3.0',
31 silly addNameRange     '1.3.1',
31 silly addNameRange     '1.3.2',
31 silly addNameRange     '1.3.3',
31 silly addNameRange     '1.3.4',
31 silly addNameRange     '1.4.0',
31 silly addNameRange     '1.4.1',
31 silly addNameRange     '1.4.2',
31 silly addNameRange     '1.5.0',
31 silly addNameRange     '2.0.0-alpha.1',
31 silly addNameRange     '2.0.0-alpha.2',
31 silly addNameRange     '2.0.0-alpha.3',
31 silly addNameRange     '2.0.0-alpha.4',
31 silly addNameRange     '2.0.0-alpha.5',
31 silly addNameRange     '2.0.0-alpha.6',
31 silly addNameRange     '2.0.0-alpha.7',
31 silly addNameRange     '2.0.0-alpha.8',
31 silly addNameRange     '2.0.0-alpha.9',
31 silly addNameRange     '2.0.0-beta.1',
31 silly addNameRange     '2.0.0-beta.2',
31 silly addNameRange     '2.0.0-beta.3',
31 silly addNameRange     '2.0.0-beta.4',
31 silly addNameRange     '2.0.0-beta.5',
31 silly addNameRange     '2.0.0',
31 silly addNameRange     '2.0.1',
31 silly addNameRange     '2.0.2',
31 silly addNameRange     '2.0.3',
31 silly addNameRange     '2.0.4',
31 silly addNameRange     '2.1.0' ] ]
32 verbose addNamed [ 'gitbook', '2.1.0' ]
33 verbose addNamed [ '2.1.0', '2.1.0' ]
34 silly lockFile e23cc3c1-gitbook-2-1-0 gitbook@2.1.0
35 verbose lock gitbook@2.1.0 /home/vagrant/.npm/e23cc3c1-gitbook-2-1-0.lock
36 silly lockFile 7403e444-js-org-gitbook-gitbook-2-1-0-tgz https://registry.npmjs.org/gitbook/-/gitbook-2.1.0.tgz
37 verbose lock https://registry.npmjs.org/gitbook/-/gitbook-2.1.0.tgz /home/vagrant/.npm/7403e444-js-org-gitbook-gitbook-2-1-0-tgz.lock
38 verbose addRemoteTarball [ 'https://registry.npmjs.org/gitbook/-/gitbook-2.1.0.tgz',
38 verbose addRemoteTarball   '89cca72bd57966744da872a8ae783bb53f5bfbf0' ]
39 info retry fetch attempt 1 at 17:43:52
40 verbose fetch to= /tmp/npm-4352-duDBCDSP/registry.npmjs.org/gitbook/-/gitbook-2.1.0.tgz
41 http GET https://registry.npmjs.org/gitbook/-/gitbook-2.1.0.tgz
42 http 200 https://registry.npmjs.org/gitbook/-/gitbook-2.1.0.tgz
43 silly lockFile 7403e444-js-org-gitbook-gitbook-2-1-0-tgz https://registry.npmjs.org/gitbook/-/gitbook-2.1.0.tgz
44 silly lockFile 7403e444-js-org-gitbook-gitbook-2-1-0-tgz https://registry.npmjs.org/gitbook/-/gitbook-2.1.0.tgz
45 silly lockFile e23cc3c1-gitbook-2-1-0 gitbook@2.1.0
46 silly lockFile e23cc3c1-gitbook-2-1-0 gitbook@2.1.0
47 silly lockFile 1bb457e3-gitbook gitbook@
48 silly lockFile 1bb457e3-gitbook gitbook@
49 silly resolved [ { name: 'gitbook',
49 silly resolved     version: '2.1.0',
49 silly resolved     homepage: 'https://www.gitbook.com',
49 silly resolved     description: 'Library and cmd utility to generate GitBooks',
49 silly resolved     main: 'lib/index.js',
49 silly resolved     dependencies:
49 silly resolved      { q: '1.0.1',
49 silly resolved        lunr: '0.5.7',
49 silly resolved        lodash: '3.5.0',
49 silly resolved        'graceful-fs': '3.0.5',
49 silly resolved        resolve: '0.6.3',
49 silly resolved        'fs-extra': '0.16.5',
49 silly resolved        'fstream-ignore': '1.0.2',
49 silly resolved        'gitbook-parsers': '0.7.6',
49 silly resolved        nunjucks: 'git+https://github.com/mozilla/nunjucks#103513c294835bcbe64222de6db494e2555e294e',
49 silly resolved        'nunjucks-autoescape': '1.0.0',
49 silly resolved        'nunjucks-filter': '1.0.0',
49 silly resolved        i18n: '0.5.0',
49 silly resolved        semver: '2.2.1',
49 silly resolved        npmi: '0.1.1',
49 silly resolved        cheerio: '0.19.0',
49 silly resolved        'gitbook-plugin-livereload': '0.0.1',
49 silly resolved        chokidar: '~1.0.1',
49 silly resolved        send: '0.2.0',
49 silly resolved        'tiny-lr': '0.1.5',
49 silly resolved        tmp: '0.0.24',
49 silly resolved        crc: '3.2.1',
49 silly resolved        'bash-color': '0.0.3',
49 silly resolved        URIjs: '1.14.1',
49 silly resolved        request: '2.51.0',
49 silly resolved        npm: '2.4.1',
49 silly resolved        'dom-serializer': '0.1.0',
49 silly resolved        'spawn-cmd': '0.0.2',
49 silly resolved        'highlight.js': '8.4.0',
49 silly resolved        'escape-string-regexp': '1.0.3' },
49 silly resolved     devDependencies:
49 silly resolved      { mocha: '2.2.1',
49 silly resolved        should: '5.2.0',
49 silly resolved        grunt: '~0.4.2',
49 silly resolved        'grunt-cli': '0.1.11',
49 silly resolved        'grunt-contrib-copy': '0.5.0',
49 silly resolved        'grunt-contrib-less': '~0.5.0',
49 silly resolved        'grunt-contrib-requirejs': '0.4.1',
49 silly resolved        'grunt-bower-install-simple': '0.9.2' },
49 silly resolved     scripts: { test: 'mocha --reporter spec --timeout 15000' },
49 silly resolved     repository: { type: 'git', url: 'https://github.com/GitbookIO/gitbook.git' },
49 silly resolved     bin: { gitbook: './bin/gitbook.js' },
49 silly resolved     keywords: [ 'git', 'book', 'gitbook' ],
49 silly resolved     author: { name: 'FriendCode Inc.', email: 'contact@gitbook.com' },
49 silly resolved     license: 'Apache-2.0',
49 silly resolved     bugs: { url: 'https://github.com/GitbookIO/gitbook/issues' },
49 silly resolved     contributors: [ [Object], [Object] ],
49 silly resolved     gitHead: 'd895c6321134244f90baedbbc86f914063e46b00',
49 silly resolved     _id: 'gitbook@2.1.0',
49 silly resolved     _shasum: '89cca72bd57966744da872a8ae783bb53f5bfbf0',
49 silly resolved     _from: 'gitbook@',
49 silly resolved     _npmVersion: '2.4.1',
49 silly resolved     _nodeVersion: '0.10.26',
49 silly resolved     _npmUser: { name: 'samypesse', email: 'samypesse@gmail.com' },
49 silly resolved     dist:
49 silly resolved      { shasum: '89cca72bd57966744da872a8ae783bb53f5bfbf0',
49 silly resolved        tarball: 'http://registry.npmjs.org/gitbook/-/gitbook-2.1.0.tgz' },
49 silly resolved     maintainers: [ [Object], [Object] ],
49 silly resolved     directories: {},
49 silly resolved     _resolved: 'https://registry.npmjs.org/gitbook/-/gitbook-2.1.0.tgz' } ]
50 info install gitbook@2.1.0 into /usr/lib
51 info installOne gitbook@2.1.0
52 verbose lib/node_modules/gitbook unbuild
53 verbose tar unpack /home/vagrant/.npm/gitbook/2.1.0/package.tgz
54 silly lockFile 8ac2a768-tar-usr-lib-node-modules-gitbook tar:///usr/lib/node_modules/gitbook
55 verbose lock tar:///usr/lib/node_modules/gitbook /home/vagrant/.npm/8ac2a768-tar-usr-lib-node-modules-gitbook.lock
56 silly lockFile ff255a33-nt-npm-gitbook-2-1-0-package-tgz tar:///home/vagrant/.npm/gitbook/2.1.0/package.tgz
57 verbose lock tar:///home/vagrant/.npm/gitbook/2.1.0/package.tgz /home/vagrant/.npm/ff255a33-nt-npm-gitbook-2-1-0-package-tgz.lock
58 silly gunzTarPerm modes [ '775', '664' ]
59 error Error: EACCES, mkdir '/usr/lib/node_modules/gitbook'
59 error  { [Error: EACCES, mkdir '/usr/lib/node_modules/gitbook']
59 error   errno: 3,
59 error   code: 'EACCES',
59 error   path: '/usr/lib/node_modules/gitbook',
59 error   fstream_type: 'Directory',
59 error   fstream_path: '/usr/lib/node_modules/gitbook',
59 error   fstream_class: 'DirWriter',
59 error   fstream_stack:
59 error    [ '/usr/lib/node_modules/npm/node_modules/fstream/lib/dir-writer.js:36:23',
59 error      '/usr/lib/node_modules/npm/node_modules/mkdirp/index.js:46:53',
59 error      'Object.oncomplete (fs.js:108:15)' ] }
60 error Please try running this command again as root/Administrator.
61 error System Linux 3.16.0-30-generic
62 error command "/usr/bin/node" "/usr/bin/npm" "install" "gitbook" "-g"
63 error cwd /home/vagrant/Projects/Nooku-Guides/guides.nooku.org
64 error node -v v0.10.37
65 error npm -v 1.4.28
66 error path /usr/lib/node_modules/gitbook
67 error fstream_path /usr/lib/node_modules/gitbook
68 error fstream_type Directory
69 error fstream_class DirWriter
70 error code EACCES
71 error errno 3
72 error stack Error: EACCES, mkdir '/usr/lib/node_modules/gitbook'
73 error fstream_stack /usr/lib/node_modules/npm/node_modules/fstream/lib/dir-writer.js:36:23
73 error fstream_stack /usr/lib/node_modules/npm/node_modules/mkdirp/index.js:46:53
73 error fstream_stack Object.oncomplete (fs.js:108:15)
74 verbose exit [ 3, true ]
